build/app/intermediates/manifest_merge_blame_file/release/manifest-merger-blame-release-report.txt
1<?xml version="1.0" encoding="utf-8"?>
2<manifest xmlns:android="http://schemas.android.com/apk/res/android"
3    package="com.example.blind_side"
4    android:versionCode="1"
5    android:versionName="1.0.0" >
6
7    <uses-sdk
8        android:minSdkVersion="28"
8-->src/main/AndroidManifest.xml
9        android:targetSdkVersion="32" />
9-->src/main/AndroidManifest.xml
10
11    <uses-permission android:name="android.permission.INTERNET" />
11-->src/main/AndroidManifest.xml:3:5-67
11-->src/main/AndroidManifest.xml:3:22-64
12    <uses-permission android:name="android.permission.ACCESS_NETWORK_STATE" />
12-->src/main/AndroidManifest.xml:4:5-79
12-->src/main/AndroidManifest.xml:4:22-76
13    <uses-permission android:name="android.permission.READ_EXTERNAL_STORAGE" />
13-->[:flutter_video_info] AndroidManifest.xml:7:5-80
13-->[:flutter_video_info] AndroidManifest.xml:7:22-77
14    <uses-permission android:name="android.permission.WRITE_EXTERNAL_STORAGE" />
14-->[:flutter_video_info] AndroidManifest.xml:8:5-81
14-->[:flutter_video_info] AndroidManifest.xml:8:22-78
15
16    <queries>
16-->[:file_picker] AndroidManifest.xml:9:5-15:15
17        <intent>
17-->[:file_picker] AndroidManifest.xml:10:9-14:18
18            <action android:name="android.intent.action.GET_CONTENT" />
18-->[:file_picker] AndroidManifest.xml:11:13-72
18-->[:file_picker] AndroidManifest.xml:11:21-69
19
20            <data android:mimeType="*/*" />
20-->[:file_picker] AndroidManifest.xml:13:13-44
20-->[:file_picker] AndroidManifest.xml:13:19-41
21        </intent>
22    </queries>
23
24    <uses-permission android:name="android.permission.WAKE_LOCK" />
24-->[com.google.android.gms:play-services-measurement-api:21.0.0] AndroidManifest.xml:24:5-68
24-->[com.google.android.gms:play-services-measurement-api:21.0.0] AndroidManifest.xml:24:22-65
25    <uses-permission android:name="com.google.android.gms.permission.AD_ID" />
25-->[com.google.android.gms:play-services-measurement-api:21.0.0] AndroidManifest.xml:25:5-79
25-->[com.google.android.gms:play-services-measurement-api:21.0.0] AndroidManifest.xml:25:22-76
26    <uses-permission android:name="android.permission.RECEIVE_BOOT_COMPLETED" />
26-->[androidx.work:work-runtime:2.7.0] AndroidManifest.xml:27:5-81
26-->[androidx.work:work-runtime:2.7.0] AndroidManifest.xml:27:22-78
27    <uses-permission android:name="android.permission.FOREGROUND_SERVICE" />
27-->[androidx.work:work-runtime:2.7.0] AndroidManifest.xml:28:5-77
27-->[androidx.work:work-runtime:2.7.0] AndroidManifest.xml:28:22-74
28    <uses-permission android:name="com.google.android.finsky.permission.BIND_GET_INSTALL_REFERRER_SERVICE" />
28-->[com.google.android.gms:play-services-measurement:21.0.0] AndroidManifest.xml:26:5-110
28-->[com.google.android.gms:play-services-measurement:21.0.0] AndroidManifest.xml:26:22-107
29
30    <application
31        android:name="android.app.Application"
31-->src/main/AndroidManifest.xml:9:9-42
32        android:appComponentFactory="androidx.core.app.CoreComponentFactory"
32-->[androidx.core:core:1.7.0] AndroidManifest.xml:24:18-86
33        android:extractNativeLibs="false"
34        android:icon="@mipmap/ic_launcher"
34-->src/main/AndroidManifest.xml:10:9-43
35        android:label="blind_side" >
35-->src/main/AndroidManifest.xml:8:9-35
36        <activity
36-->src/main/AndroidManifest.xml:11:9-31:20
37            android:name="com.example.blind_side.MainActivity"
37-->src/main/AndroidManifest.xml:12:13-41
38            android:configChanges="orientation|keyboardHidden|keyboard|screenSize|smallestScreenSize|locale|layoutDirection|fontScale|screenLayout|density|uiMode"
38-->src/main/AndroidManifest.xml:16:13-163
39            android:exported="true"
39-->src/main/AndroidManifest.xml:13:13-36
40            android:hardwareAccelerated="true"
40-->src/main/AndroidManifest.xml:17:13-47
41            android:launchMode="singleTop"
41-->src/main/AndroidManifest.xml:14:13-43
42            android:theme="@style/LaunchTheme"
42-->src/main/AndroidManifest.xml:15:13-47
43            android:windowSoftInputMode="adjustResize" >
43-->src/main/AndroidManifest.xml:18:13-55
44
45            <!--
46                 Specifies an Android theme to apply to this Activity as soon as
47                 the Android process has started. This theme is visible to the user
48                 while the Flutter UI initializes. After that, this theme continues
49                 to determine the Window background behind the Flutter UI.
50            -->
51            <meta-data
51-->src/main/AndroidManifest.xml:23:13-26:17
52                android:name="io.flutter.embedding.android.NormalTheme"
52-->src/main/AndroidManifest.xml:24:15-70
53                android:resource="@style/NormalTheme" />
53-->src/main/AndroidManifest.xml:25:15-52
54
55            <intent-filter>
55-->src/main/AndroidManifest.xml:27:13-30:29
56                <action android:name="android.intent.action.MAIN" />
56-->src/main/AndroidManifest.xml:28:17-68
56-->src/main/AndroidManifest.xml:28:25-66
57
58                <category android:name="android.intent.category.LAUNCHER" />
58-->src/main/AndroidManifest.xml:29:17-76
58-->src/main/AndroidManifest.xml:29:27-74
59            </intent-filter>
60        </activity>
61        <!--
62             Don't delete the meta-data below.
63             This is used by the Flutter tool to generate GeneratedPluginRegistrant.java
64        -->
65        <meta-data
65-->src/main/AndroidManifest.xml:34:9-36:33
66            android:name="flutterEmbedding"
66-->src/main/AndroidManifest.xml:35:13-44
67            android:value="2" />
67-->src/main/AndroidManifest.xml:36:13-30
68
69        <service
69-->[:cloud_firestore] AndroidManifest.xml:8:9-12:19
70            android:name="com.google.firebase.components.ComponentDiscoveryService"
70-->[:cloud_firestore] AndroidManifest.xml:8:18-89
71            android:directBootAware="true"
71-->[com.google.firebase:firebase-common:20.1.1] AndroidManifest.xml:35:13-43
72            android:exported="false" >
72-->[com.google.firebase:firebase-auth:21.0.6] AndroidManifest.xml:66:13-37
73            <meta-data
73-->[:cloud_firestore] AndroidManifest.xml:9:13-11:85
74                android:name="com.google.firebase.components:io.flutter.plugins.firebase.firestore.FlutterFirebaseFirestoreRegistrar"
74-->[:cloud_firestore] AndroidManifest.xml:10:17-134
75                android:value="com.google.firebase.components.ComponentRegistrar" />
75-->[:cloud_firestore] AndroidManifest.xml:11:17-82
76            <meta-data
76-->[:firebase_auth] AndroidManifest.xml:9:13-11:85
77                android:name="com.google.firebase.components:io.flutter.plugins.firebase.auth.FlutterFirebaseAuthRegistrar"
77-->[:firebase_auth] AndroidManifest.xml:10:17-124
78                android:value="com.google.firebase.components.ComponentRegistrar" />
78-->[:firebase_auth] AndroidManifest.xml:11:17-82
79            <meta-data
79-->[:firebase_storage] AndroidManifest.xml:9:13-11:85
80                android:name="com.google.firebase.components:io.flutter.plugins.firebase.storage.FlutterFirebaseAppRegistrar"
80-->[:firebase_storage] AndroidManifest.xml:10:17-126
81                android:value="com.google.firebase.components.ComponentRegistrar" />
81-->[:firebase_storage] AndroidManifest.xml:11:17-82
82            <meta-data
82-->[:firebase_core] AndroidManifest.xml:9:13-11:85
83                android:name="com.google.firebase.components:io.flutter.plugins.firebase.core.FlutterFirebaseCoreRegistrar"
83-->[:firebase_core] AndroidManifest.xml:10:17-124
84                android:value="com.google.firebase.components.ComponentRegistrar" />
84-->[:firebase_core] AndroidManifest.xml:11:17-82
85            <meta-data
85-->[com.google.firebase:firebase-auth:21.0.6] AndroidManifest.xml:67:13-69:85
86                android:name="com.google.firebase.components:com.google.firebase.auth.FirebaseAuthRegistrar"
86-->[com.google.firebase:firebase-auth:21.0.6] AndroidManifest.xml:68:17-109
87                android:value="com.google.firebase.components.ComponentRegistrar" />
87-->[com.google.firebase:firebase-auth:21.0.6] AndroidManifest.xml:69:17-82
88            <meta-data
88-->[com.google.firebase:firebase-firestore:24.2.0] AndroidManifest.xml:20:13-22:85
89                android:name="com.google.firebase.components:com.google.firebase.firestore.FirestoreRegistrar"
89-->[com.google.firebase:firebase-firestore:24.2.0] AndroidManifest.xml:21:17-111
90                android:value="com.google.firebase.components.ComponentRegistrar" />
90-->[com.google.firebase:firebase-firestore:24.2.0] AndroidManifest.xml:22:17-82
91            <meta-data
91-->[com.google.firebase:firebase-storage:20.0.1] AndroidManifest.xml:33:13-35:85
92                android:name="com.google.firebase.components:com.google.firebase.storage.StorageRegistrar"
92-->[com.google.firebase:firebase-storage:20.0.1] AndroidManifest.xml:34:17-107
93                android:value="com.google.firebase.components.ComponentRegistrar" />
93-->[com.google.firebase:firebase-storage:20.0.1] AndroidManifest.xml:35:17-82
94            <meta-data
94-->[com.google.android.gms:play-services-measurement-api:21.0.0] AndroidManifest.xml:31:13-33:85
95                android:name="com.google.firebase.components:com.google.firebase.analytics.connector.internal.AnalyticsConnectorRegistrar"
95-->[com.google.android.gms:play-services-measurement-api:21.0.0] AndroidManifest.xml:32:17-139
96                android:value="com.google.firebase.components.ComponentRegistrar" />
96-->[com.google.android.gms:play-services-measurement-api:21.0.0] AndroidManifest.xml:33:17-82
97            <meta-data
97-->[com.google.firebase:firebase-installations:17.0.1] AndroidManifest.xml:18:13-20:85
98                android:name="com.google.firebase.components:com.google.firebase.installations.FirebaseInstallationsRegistrar"
98-->[com.google.firebase:firebase-installations:17.0.1] AndroidManifest.xml:19:17-127
99                android:value="com.google.firebase.components.ComponentRegistrar" />
99-->[com.google.firebase:firebase-installations:17.0.1] AndroidManifest.xml:20:17-82
100        </service>
101
102        <uses-library
102-->[androidx.window:window:1.0.0-beta04] AndroidManifest.xml:25:9-27:40
103            android:name="androidx.window.extensions"
103-->[androidx.window:window:1.0.0-beta04] AndroidManifest.xml:26:13-54
104            android:required="false" />
104-->[androidx.window:window:1.0.0-beta04] AndroidManifest.xml:27:13-37
105        <uses-library
105-->[androidx.window:window:1.0.0-beta04] AndroidManifest.xml:28:9-30:40
106            android:name="androidx.window.sidecar"
106-->[androidx.window:window:1.0.0-beta04] AndroidManifest.xml:29:13-51
107            android:required="false" />
107-->[androidx.window:window:1.0.0-beta04] AndroidManifest.xml:30:13-37
108
109        <activity
109-->[com.google.firebase:firebase-auth:21.0.6] AndroidManifest.xml:27:9-44:20
110            android:name="com.google.firebase.auth.internal.GenericIdpActivity"
110-->[com.google.firebase:firebase-auth:21.0.6] AndroidManifest.xml:28:13-80
111            android:excludeFromRecents="true"
111-->[com.google.firebase:firebase-auth:21.0.6] AndroidManifest.xml:29:13-46
112            android:exported="true"
112-->[com.google.firebase:firebase-auth:21.0.6] AndroidManifest.xml:30:13-36
113            android:launchMode="singleTask"
113-->[com.google.firebase:firebase-auth:21.0.6] AndroidManifest.xml:31:13-44
114            android:theme="@android:style/Theme.Translucent.NoTitleBar" >
114-->[com.google.firebase:firebase-auth:21.0.6] AndroidManifest.xml:32:13-72
115            <intent-filter>
115-->[com.google.firebase:firebase-auth:21.0.6] AndroidManifest.xml:33:13-43:29
116                <action android:name="android.intent.action.VIEW" />
116-->[com.google.firebase:firebase-auth:21.0.6] AndroidManifest.xml:34:17-69
116-->[com.google.firebase:firebase-auth:21.0.6] AndroidManifest.xml:34:25-66
117
118                <category android:name="android.intent.category.DEFAULT" />
118-->[com.google.firebase:firebase-auth:21.0.6] AndroidManifest.xml:36:17-76
118-->[com.google.firebase:firebase-auth:21.0.6] AndroidManifest.xml:36:27-73
119                <category android:name="android.intent.category.BROWSABLE" />
119-->[com.google.firebase:firebase-auth:21.0.6] AndroidManifest.xml:37:17-78
119-->[com.google.firebase:firebase-auth:21.0.6] AndroidManifest.xml:37:27-75
120
121                <data
121-->[:file_picker] AndroidManifest.xml:13:13-44
122                    android:host="firebase.auth"
123                    android:path="/"
124                    android:scheme="genericidp" />
125            </intent-filter>
126        </activity>
127        <activity
127-->[com.google.firebase:firebase-auth:21.0.6] AndroidManifest.xml:45:9-62:20
128            android:name="com.google.firebase.auth.internal.RecaptchaActivity"
128-->[com.google.firebase:firebase-auth:21.0.6] AndroidManifest.xml:46:13-79
129            android:excludeFromRecents="true"
129-->[com.google.firebase:firebase-auth:21.0.6] AndroidManifest.xml:47:13-46
130            android:exported="true"
130-->[com.google.firebase:firebase-auth:21.0.6] AndroidManifest.xml:48:13-36
131            android:launchMode="singleTask"
131-->[com.google.firebase:firebase-auth:21.0.6] AndroidManifest.xml:49:13-44
132            android:theme="@android:style/Theme.Translucent.NoTitleBar" >
132-->[com.google.firebase:firebase-auth:21.0.6] AndroidManifest.xml:50:13-72
133            <intent-filter>
133-->[com.google.firebase:firebase-auth:21.0.6] AndroidManifest.xml:51:13-61:29
134                <action android:name="android.intent.action.VIEW" />
134-->[com.google.firebase:firebase-auth:21.0.6] AndroidManifest.xml:34:17-69
134-->[com.google.firebase:firebase-auth:21.0.6] AndroidManifest.xml:34:25-66
135
136                <category android:name="android.intent.category.DEFAULT" />
136-->[com.google.firebase:firebase-auth:21.0.6] AndroidManifest.xml:36:17-76
136-->[com.google.firebase:firebase-auth:21.0.6] AndroidManifest.xml:36:27-73
137                <category android:name="android.intent.category.BROWSABLE" />
137-->[com.google.firebase:firebase-auth:21.0.6] AndroidManifest.xml:37:17-78
137-->[com.google.firebase:firebase-auth:21.0.6] AndroidManifest.xml:37:27-75
138
139                <data
139-->[:file_picker] AndroidManifest.xml:13:13-44
140                    android:host="firebase.auth"
141                    android:path="/"
142                    android:scheme="recaptcha" />
143            </intent-filter>
144        </activity>
145
146        <provider
146-->[com.google.firebase:firebase-common:20.1.1] AndroidManifest.xml:26:9-31:39
147            android:name="com.google.firebase.provider.FirebaseInitProvider"
147-->[com.google.firebase:firebase-common:20.1.1] AndroidManifest.xml:27:13-77
148            android:authorities="com.example.blind_side.firebaseinitprovider"
148-->[com.google.firebase:firebase-common:20.1.1] AndroidManifest.xml:28:13-72
149            android:directBootAware="true"
149-->[com.google.firebase:firebase-common:20.1.1] AndroidManifest.xml:29:13-43
150            android:exported="false"
150-->[com.google.firebase:firebase-common:20.1.1] AndroidManifest.xml:30:13-37
151            android:initOrder="100" />
151-->[com.google.firebase:firebase-common:20.1.1] AndroidManifest.xml:31:13-36
152        <provider
152-->[androidx.work:work-runtime:2.7.0] AndroidManifest.xml:31:9-39:20
153            android:name="androidx.startup.InitializationProvider"
153-->[androidx.work:work-runtime:2.7.0] AndroidManifest.xml:32:13-67
154            android:authorities="com.example.blind_side.androidx-startup"
154-->[androidx.work:work-runtime:2.7.0] AndroidManifest.xml:33:13-68
155            android:exported="false" >
155-->[androidx.work:work-runtime:2.7.0] AndroidManifest.xml:34:13-37
156            <meta-data
156-->[androidx.work:work-runtime:2.7.0] AndroidManifest.xml:36:13-38:52
157                android:name="androidx.work.WorkManagerInitializer"
157-->[androidx.work:work-runtime:2.7.0] AndroidManifest.xml:37:17-68
158                android:value="androidx.startup" />
158-->[androidx.work:work-runtime:2.7.0] AndroidManifest.xml:38:17-49
159        </provider>
160
161        <service
161-->[androidx.work:work-runtime:2.7.0] AndroidManifest.xml:41:9-46:35
162            android:name="androidx.work.impl.background.systemalarm.SystemAlarmService"
162-->[androidx.work:work-runtime:2.7.0] AndroidManifest.xml:42:13-88
163            android:directBootAware="false"
163-->[androidx.work:work-runtime:2.7.0] AndroidManifest.xml:43:13-44
164            android:enabled="@bool/enable_system_alarm_service_default"
164-->[androidx.work:work-runtime:2.7.0] AndroidManifest.xml:44:13-72
165            android:exported="false" />
165-->[androidx.work:work-runtime:2.7.0] AndroidManifest.xml:45:13-37
166        <service
166-->[androidx.work:work-runtime:2.7.0] AndroidManifest.xml:47:9-53:35
167            android:name="androidx.work.impl.background.systemjob.SystemJobService"
167-->[androidx.work:work-runtime:2.7.0] AndroidManifest.xml:48:13-84
168            android:directBootAware="false"
168-->[androidx.work:work-runtime:2.7.0] AndroidManifest.xml:49:13-44
169            android:enabled="@bool/enable_system_job_service_default"
169-->[androidx.work:work-runtime:2.7.0] AndroidManifest.xml:50:13-70
170            android:exported="true"
170-->[androidx.work:work-runtime:2.7.0] AndroidManifest.xml:51:13-36
171            android:permission="android.permission.BIND_JOB_SERVICE" />
171-->[androidx.work:work-runtime:2.7.0] AndroidManifest.xml:52:13-69
172        <service
172-->[androidx.work:work-runtime:2.7.0] AndroidManifest.xml:54:9-59:35
173            android:name="androidx.work.impl.foreground.SystemForegroundService"
173-->[androidx.work:work-runtime:2.7.0] AndroidManifest.xml:55:13-81
174            android:directBootAware="false"
174-->[androidx.work:work-runtime:2.7.0] AndroidManifest.xml:56:13-44
175            android:enabled="@bool/enable_system_foreground_service_default"
175-->[androidx.work:work-runtime:2.7.0] AndroidManifest.xml:57:13-77
176            android:exported="false" />
176-->[androidx.work:work-runtime:2.7.0] AndroidManifest.xml:58:13-37
177
178        <receiver
178-->[androidx.work:work-runtime:2.7.0] AndroidManifest.xml:61:9-66:35
179            android:name="androidx.work.impl.utils.ForceStopRunnable$BroadcastReceiver"
179-->[androidx.work:work-runtime:2.7.0] AndroidManifest.xml:62:13-88
180            android:directBootAware="false"
180-->[androidx.work:work-runtime:2.7.0] AndroidManifest.xml:63:13-44
181            android:enabled="true"
181-->[androidx.work:work-runtime:2.7.0] AndroidManifest.xml:64:13-35
182            android:exported="false" />
182-->[androidx.work:work-runtime:2.7.0] AndroidManifest.xml:65:13-37
183        <receiver
183-->[androidx.work:work-runtime:2.7.0] AndroidManifest.xml:67:9-77:20
184            android:name="androidx.work.impl.background.systemalarm.ConstraintProxy$BatteryChargingProxy"
184-->[androidx.work:work-runtime:2.7.0] AndroidManifest.xml:68:13-106
185            android:directBootAware="false"
185-->[androidx.work:work-runtime:2.7.0] AndroidManifest.xml:69:13-44
186            android:enabled="false"
186-->[androidx.work:work-runtime:2.7.0] AndroidManifest.xml:70:13-36
187            android:exported="false" >
187-->[androidx.work:work-runtime:2.7.0] AndroidManifest.xml:71:13-37
188            <intent-filter>
188-->[androidx.work:work-runtime:2.7.0] AndroidManifest.xml:73:13-76:29
189                <action android:name="android.intent.action.ACTION_POWER_CONNECTED" />
189-->[androidx.work:work-runtime:2.7.0] AndroidManifest.xml:74:17-87
189-->[androidx.work:work-runtime:2.7.0] AndroidManifest.xml:74:25-84
190                <action android:name="android.intent.action.ACTION_POWER_DISCONNECTED" />
190-->[androidx.work:work-runtime:2.7.0] AndroidManifest.xml:75:17-90
190-->[androidx.work:work-runtime:2.7.0] AndroidManifest.xml:75:25-87
191            </intent-filter>
192        </receiver>
193        <receiver
193-->[androidx.work:work-runtime:2.7.0] AndroidManifest.xml:78:9-88:20
194            android:name="androidx.work.impl.background.systemalarm.ConstraintProxy$BatteryNotLowProxy"
194-->[androidx.work:work-runtime:2.7.0] AndroidManifest.xml:79:13-104
195            android:directBootAware="false"
195-->[androidx.work:work-runtime:2.7.0] AndroidManifest.xml:80:13-44
196            android:enabled="false"
196-->[androidx.work:work-runtime:2.7.0] AndroidManifest.xml:81:13-36
197            android:exported="false" >
197-->[androidx.work:work-runtime:2.7.0] AndroidManifest.xml:82:13-37
198            <intent-filter>
198-->[androidx.work:work-runtime:2.7.0] AndroidManifest.xml:84:13-87:29
199                <action android:name="android.intent.action.BATTERY_OKAY" />
199-->[androidx.work:work-runtime:2.7.0] AndroidManifest.xml:85:17-77
199-->[androidx.work:work-runtime:2.7.0] AndroidManifest.xml:85:25-74
200                <action android:name="android.intent.action.BATTERY_LOW" />
200-->[androidx.work:work-runtime:2.7.0] AndroidManifest.xml:86:17-76
200-->[androidx.work:work-runtime:2.7.0] AndroidManifest.xml:86:25-73
201            </intent-filter>
202        </receiver>
203        <receiver
203-->[androidx.work:work-runtime:2.7.0] AndroidManifest.xml:89:9-99:20
204            android:name="androidx.work.impl.background.systemalarm.ConstraintProxy$StorageNotLowProxy"
204-->[androidx.work:work-runtime:2.7.0] AndroidManifest.xml:90:13-104
205            android:directBootAware="false"
205-->[androidx.work:work-runtime:2.7.0] AndroidManifest.xml:91:13-44
206            android:enabled="false"
206-->[androidx.work:work-runtime:2.7.0] AndroidManifest.xml:92:13-36
207            android:exported="false" >
207-->[androidx.work:work-runtime:2.7.0] AndroidManifest.xml:93:13-37
208            <intent-filter>
208-->[androidx.work:work-runtime:2.7.0] AndroidManifest.xml:95:13-98:29
209                <action android:name="android.intent.action.DEVICE_STORAGE_LOW" />
209-->[androidx.work:work-runtime:2.7.0] AndroidManifest.xml:96:17-83
209-->[androidx.work:work-runtime:2.7.0] AndroidManifest.xml:96:25-80
210                <action android:name="android.intent.action.DEVICE_STORAGE_OK" />
210-->[androidx.work:work-runtime:2.7.0] AndroidManifest.xml:97:17-82
210-->[androidx.work:work-runtime:2.7.0] AndroidManifest.xml:97:25-79
211            </intent-filter>
212        </receiver>
213        <receiver
213-->[androidx.work:work-runtime:2.7.0] AndroidManifest.xml:100:9-109:20
214            android:name="androidx.work.impl.background.systemalarm.ConstraintProxy$NetworkStateProxy"
214-->[androidx.work:work-runtime:2.7.0] AndroidManifest.xml:101:13-103
215            android:directBootAware="false"
215-->[androidx.work:work-runtime:2.7.0] AndroidManifest.xml:102:13-44
216            android:enabled="false"
216-->[androidx.work:work-runtime:2.7.0] AndroidManifest.xml:103:13-36
217            android:exported="false" >
217-->[androidx.work:work-runtime:2.7.0] AndroidManifest.xml:104:13-37
218            <intent-filter>
218-->[androidx.work:work-runtime:2.7.0] AndroidManifest.xml:106:13-108:29
219                <action android:name="android.net.conn.CONNECTIVITY_CHANGE" />
219-->[androidx.work:work-runtime:2.7.0] AndroidManifest.xml:107:17-79
219-->[androidx.work:work-runtime:2.7.0] AndroidManifest.xml:107:25-76
220            </intent-filter>
221        </receiver>
222        <receiver
222-->[androidx.work:work-runtime:2.7.0] AndroidManifest.xml:110:9-121:20
223            android:name="androidx.work.impl.background.systemalarm.RescheduleReceiver"
223-->[androidx.work:work-runtime:2.7.0] AndroidManifest.xml:111:13-88
224            android:directBootAware="false"
224-->[androidx.work:work-runtime:2.7.0] AndroidManifest.xml:112:13-44
225            android:enabled="false"
225-->[androidx.work:work-runtime:2.7.0] AndroidManifest.xml:113:13-36
226            android:exported="false" >
226-->[androidx.work:work-runtime:2.7.0] AndroidManifest.xml:114:13-37
227            <intent-filter>
227-->[androidx.work:work-runtime:2.7.0] AndroidManifest.xml:116:13-120:29
228                <action android:name="android.intent.action.BOOT_COMPLETED" />
228-->[androidx.work:work-runtime:2.7.0] AndroidManifest.xml:117:17-79
228-->[androidx.work:work-runtime:2.7.0] AndroidManifest.xml:117:25-76
229                <action android:name="android.intent.action.TIME_SET" />
229-->[androidx.work:work-runtime:2.7.0] AndroidManifest.xml:118:17-73
229-->[androidx.work:work-runtime:2.7.0] AndroidManifest.xml:118:25-70
230                <action android:name="android.intent.action.TIMEZONE_CHANGED" />
230-->[androidx.work:work-runtime:2.7.0] AndroidManifest.xml:119:17-81
230-->[androidx.work:work-runtime:2.7.0] AndroidManifest.xml:119:25-78
231            </intent-filter>
232        </receiver>
233        <receiver
233-->[androidx.work:work-runtime:2.7.0] AndroidManifest.xml:122:9-131:20
234            android:name="androidx.work.impl.background.systemalarm.ConstraintProxyUpdateReceiver"
234-->[androidx.work:work-runtime:2.7.0] AndroidManifest.xml:123:13-99
235            android:directBootAware="false"
235-->[androidx.work:work-runtime:2.7.0] AndroidManifest.xml:124:13-44
236            android:enabled="@bool/enable_system_alarm_service_default"
236-->[androidx.work:work-runtime:2.7.0] AndroidManifest.xml:125:13-72
237            android:exported="false" >
237-->[androidx.work:work-runtime:2.7.0] AndroidManifest.xml:126:13-37
238            <intent-filter>
238-->[androidx.work:work-runtime:2.7.0] AndroidManifest.xml:128:13-130:29
239                <action android:name="androidx.work.impl.background.systemalarm.UpdateProxies" />
239-->[androidx.work:work-runtime:2.7.0] AndroidManifest.xml:129:17-98
239-->[androidx.work:work-runtime:2.7.0] AndroidManifest.xml:129:25-95
240            </intent-filter>
241        </receiver>
242        <receiver
242-->[androidx.work:work-runtime:2.7.0] AndroidManifest.xml:132:9-142:20
243            android:name="androidx.work.impl.diagnostics.DiagnosticsReceiver"
243-->[androidx.work:work-runtime:2.7.0] AndroidManifest.xml:133:13-78
244            android:directBootAware="false"
244-->[androidx.work:work-runtime:2.7.0] AndroidManifest.xml:134:13-44
245            android:enabled="true"
245-->[androidx.work:work-runtime:2.7.0] AndroidManifest.xml:135:13-35
246            android:exported="true"
246-->[androidx.work:work-runtime:2.7.0] AndroidManifest.xml:136:13-36
247            android:permission="android.permission.DUMP" >
247-->[androidx.work:work-runtime:2.7.0] AndroidManifest.xml:137:13-57
248            <intent-filter>
248-->[androidx.work:work-runtime:2.7.0] AndroidManifest.xml:139:13-141:29
249                <action android:name="androidx.work.diagnostics.REQUEST_DIAGNOSTICS" />
249-->[androidx.work:work-runtime:2.7.0] AndroidManifest.xml:140:17-88
249-->[androidx.work:work-runtime:2.7.0] AndroidManifest.xml:140:25-85
250            </intent-filter>
251        </receiver>
252        <receiver
252-->[com.google.android.gms:play-services-measurement:21.0.0] AndroidManifest.xml:29:9-33:20
253            android:name="com.google.android.gms.measurement.AppMeasurementReceiver"
253-->[com.google.android.gms:play-services-measurement:21.0.0] AndroidManifest.xml:30:13-85
254            android:enabled="true"
254-->[com.google.android.gms:play-services-measurement:21.0.0] AndroidManifest.xml:31:13-35
255            android:exported="false" >
255-->[com.google.android.gms:play-services-measurement:21.0.0] AndroidManifest.xml:32:13-37
256        </receiver>
257
258        <service
258-->[com.google.android.gms:play-services-measurement:21.0.0] AndroidManifest.xml:35:9-38:40
259            android:name="com.google.android.gms.measurement.AppMeasurementService"
259-->[com.google.android.gms:play-services-measurement:21.0.0] AndroidManifest.xml:36:13-84
260            android:enabled="true"
260-->[com.google.android.gms:play-services-measurement:21.0.0] AndroidManifest.xml:37:13-35
261            android:exported="false" />
261-->[com.google.android.gms:play-services-measurement:21.0.0] AndroidManifest.xml:38:13-37
262        <service
262-->[com.google.android.gms:play-services-measurement:21.0.0] AndroidManifest.xml:39:9-43:72
263            android:name="com.google.android.gms.measurement.AppMeasurementJobService"
263-->[com.google.android.gms:play-services-measurement:21.0.0] AndroidManifest.xml:40:13-87
264            android:enabled="true"
264-->[com.google.android.gms:play-services-measurement:21.0.0] AndroidManifest.xml:41:13-35
265            android:exported="false"
265-->[com.google.android.gms:play-services-measurement:21.0.0] AndroidManifest.xml:42:13-37
266            android:permission="android.permission.BIND_JOB_SERVICE" />
266-->[com.google.android.gms:play-services-measurement:21.0.0] AndroidManifest.xml:43:13-69
267
268        <activity
268-->[com.google.android.gms:play-services-base:18.0.1] AndroidManifest.xml:20:9-22:45
269            android:name="com.google.android.gms.common.api.GoogleApiActivity"
269-->[com.google.android.gms:play-services-base:18.0.1] AndroidManifest.xml:20:19-85
270            android:exported="false"
270-->[com.google.android.gms:play-services-base:18.0.1] AndroidManifest.xml:22:19-43
271            android:theme="@android:style/Theme.Translucent.NoTitleBar" />
271-->[com.google.android.gms:play-services-base:18.0.1] AndroidManifest.xml:21:19-78
272
273        <meta-data
273-->[com.google.android.gms:play-services-basement:18.0.0] AndroidManifest.xml:21:9-23:69
274            android:name="com.google.android.gms.version"
274-->[com.google.android.gms:play-services-basement:18.0.0] AndroidManifest.xml:22:13-58
275            android:value="@integer/google_play_services_version" />